[0.061s] DEBUG:colcon:Command line arguments: ['/usr/bin/colcon', 'build', '--packages-select', 'martian_drone']
[0.062s] DEBUG:colcon:Parsed command line arguments: Namespace(log_base=None, log_level=None, verb_name='build', build_base='build', install_base='install', merge_install=False, symlink_install=False, test_result_base=None, continue_on_error=False, executor='parallel', parallel_workers=8, event_handlers=None, ignore_user_meta=False, metas=['./colcon.meta'], base_paths=['.'], packages_ignore=None, packages_ignore_regex=None, paths=None, packages_up_to=None, packages_up_to_regex=None, packages_above=None, packages_above_and_dependencies=None, packages_above_depth=None, packages_select_by_dep=None, packages_skip_by_dep=None, packages_skip_up_to=None, packages_select_build_failed=False, packages_skip_build_finished=False, packages_select_test_failures=False, packages_skip_test_passed=False, packages_select=['martian_drone'], packages_skip=None, packages_select_regex=None, packages_skip_regex=None, packages_start=None, packages_end=None, allow_overriding=[], cmake_args=None, cmake_target=None, cmake_target_skip_unavailable=False, cmake_clean_cache=False, cmake_clean_first=False, cmake_force_configure=False, ament_cmake_args=None, catkin_cmake_args=None, catkin_skip_building_tests=False, verb_parser=<colcon_defaults.argument_parser.defaults.DefaultArgumentsDecorator object at 0xffff859b3f70>, verb_extension=<colcon_core.verb.build.BuildVerb object at 0xffff859b3a00>, main=<bound method BuildVerb.main of <colcon_core.verb.build.BuildVerb object at 0xffff859b3a00>>)
[0.148s] Level 1:colcon.colcon_core.package_discovery:discover_packages(colcon_meta) check parameters
[0.148s] Level 1:colcon.colcon_core.package_discovery:discover_packages(recursive) check parameters
[0.148s] Level 1:colcon.colcon_core.package_discovery:discover_packages(ignore) check parameters
[0.148s] Level 1:colcon.colcon_core.package_discovery:discover_packages(path) check parameters
[0.148s] Level 1:colcon.colcon_core.package_discovery:discover_packages(colcon_meta) discover
[0.148s] Level 1:colcon.colcon_core.package_discovery:discover_packages(recursive) discover
[0.148s] INFO:colcon.colcon_core.package_discovery:Crawling recursively for packages in '/home/ros-gazebo/anav_ws/src/martian_drone/worlds'
[0.148s] Level 1:colcon.colcon_core.package_identification:_identify(.) by extensions ['ignore', 'ignore_ament_install']
[0.148s] Level 1:colcon.colcon_core.package_identification:_identify(.) by extension 'ignore'
[0.148s] Level 1:colcon.colcon_core.package_identification:_identify(.) by extension 'ignore_ament_install'
[0.148s] Level 1:colcon.colcon_core.package_identification:_identify(.) by extensions ['colcon_pkg']
[0.148s] Level 1:colcon.colcon_core.package_identification:_identify(.) by extension 'colcon_pkg'
[0.148s] Level 1:colcon.colcon_core.package_identification:_identify(.) by extensions ['colcon_meta']
[0.148s] Level 1:colcon.colcon_core.package_identification:_identify(.) by extension 'colcon_meta'
[0.148s] Level 1:colcon.colcon_core.package_identification:_identify(.) by extensions ['ros']
[0.148s] Level 1:colcon.colcon_core.package_identification:_identify(.) by extension 'ros'
[0.155s] Level 1:colcon.colcon_core.package_identification:_identify(.) by extensions ['cmake', 'python']
[0.155s] Level 1:colcon.colcon_core.package_identification:_identify(.) by extension 'cmake'
[0.155s] Level 1:colcon.colcon_core.package_identification:_identify(.) by extension 'python'
[0.155s] Level 1:colcon.colcon_core.package_identification:_identify(.) by extensions ['python_setup_py']
[0.155s] Level 1:colcon.colcon_core.package_identification:_identify(.) by extension 'python_setup_py'
[0.155s] Level 1:colcon.colcon_core.package_identification:_identify(build) by extensions ['ignore', 'ignore_ament_install']
[0.155s] Level 1:colcon.colcon_core.package_identification:_identify(build) by extension 'ignore'
[0.155s] Level 1:colcon.colcon_core.package_identification:_identify(build) ignored
[0.155s] Level 1:colcon.colcon_core.package_identification:_identify(install) by extensions ['ignore', 'ignore_ament_install']
[0.155s] Level 1:colcon.colcon_core.package_identification:_identify(install) by extension 'ignore'
[0.155s] Level 1:colcon.colcon_core.package_identification:_identify(install) ignored
[0.155s] Level 1:colcon.colcon_core.package_identification:_identify(log) by extensions ['ignore', 'ignore_ament_install']
[0.155s] Level 1:colcon.colcon_core.package_identification:_identify(log) by extension 'ignore'
[0.155s] Level 1:colcon.colcon_core.package_identification:_identify(log) ignored
[0.155s] Level 1:colcon.colcon_core.package_identification:_identify(models) by extensions ['ignore', 'ignore_ament_install']
[0.155s] Level 1:colcon.colcon_core.package_identification:_identify(models) by extension 'ignore'
[0.155s] Level 1:colcon.colcon_core.package_identification:_identify(models) by extension 'ignore_ament_install'
[0.156s] Level 1:colcon.colcon_core.package_identification:_identify(models) by extensions ['colcon_pkg']
[0.156s] Level 1:colcon.colcon_core.package_identification:_identify(models) by extension 'colcon_pkg'
[0.156s] Level 1:colcon.colcon_core.package_identification:_identify(models) by extensions ['colcon_meta']
[0.156s] Level 1:colcon.colcon_core.package_identification:_identify(models) by extension 'colcon_meta'
[0.156s] Level 1:colcon.colcon_core.package_identification:_identify(models) by extensions ['ros']
[0.156s] Level 1:colcon.colcon_core.package_identification:_identify(models) by extension 'ros'
[0.156s] Level 1:colcon.colcon_core.package_identification:_identify(models) by extensions ['cmake', 'python']
[0.156s] Level 1:colcon.colcon_core.package_identification:_identify(models) by extension 'cmake'
[0.156s] Level 1:colcon.colcon_core.package_identification:_identify(models) by extension 'python'
[0.156s] Level 1:colcon.colcon_core.package_identification:_identify(models) by extensions ['python_setup_py']
[0.156s] Level 1:colcon.colcon_core.package_identification:_identify(models) by extension 'python_setup_py'
[0.156s] Level 1:colcon.colcon_core.package_identification:_identify(models/Mars_Gale_Crater_Patch_2) by extensions ['ignore', 'ignore_ament_install']
[0.156s] Level 1:colcon.colcon_core.package_identification:_identify(models/Mars_Gale_Crater_Patch_2) by extension 'ignore'
[0.156s] Level 1:colcon.colcon_core.package_identification:_identify(models/Mars_Gale_Crater_Patch_2) by extension 'ignore_ament_install'
[0.156s] Level 1:colcon.colcon_core.package_identification:_identify(models/Mars_Gale_Crater_Patch_2) by extensions ['colcon_pkg']
[0.156s] Level 1:colcon.colcon_core.package_identification:_identify(models/Mars_Gale_Crater_Patch_2) by extension 'colcon_pkg'
[0.156s] Level 1:colcon.colcon_core.package_identification:_identify(models/Mars_Gale_Crater_Patch_2) by extensions ['colcon_meta']
[0.156s] Level 1:colcon.colcon_core.package_identification:_identify(models/Mars_Gale_Crater_Patch_2) by extension 'colcon_meta'
[0.156s] Level 1:colcon.colcon_core.package_identification:_identify(models/Mars_Gale_Crater_Patch_2) by extensions ['ros']
[0.156s] Level 1:colcon.colcon_core.package_identification:_identify(models/Mars_Gale_Crater_Patch_2) by extension 'ros'
[0.156s] Level 1:colcon.colcon_core.package_identification:_identify(models/Mars_Gale_Crater_Patch_2) by extensions ['cmake', 'python']
[0.156s] Level 1:colcon.colcon_core.package_identification:_identify(models/Mars_Gale_Crater_Patch_2) by extension 'cmake'
[0.156s] Level 1:colcon.colcon_core.package_identification:_identify(models/Mars_Gale_Crater_Patch_2) by extension 'python'
[0.156s] Level 1:colcon.colcon_core.package_identification:_identify(models/Mars_Gale_Crater_Patch_2) by extensions ['python_setup_py']
[0.156s] Level 1:colcon.colcon_core.package_identification:_identify(models/Mars_Gale_Crater_Patch_2) by extension 'python_setup_py'
[0.156s] Level 1:colcon.colcon_core.package_identification:_identify(models/Mars_Gale_Crater_Patch_2/materials) by extensions ['ignore', 'ignore_ament_install']
[0.156s] Level 1:colcon.colcon_core.package_identification:_identify(models/Mars_Gale_Crater_Patch_2/materials) by extension 'ignore'
[0.156s] Level 1:colcon.colcon_core.package_identification:_identify(models/Mars_Gale_Crater_Patch_2/materials) by extension 'ignore_ament_install'
[0.156s] Level 1:colcon.colcon_core.package_identification:_identify(models/Mars_Gale_Crater_Patch_2/materials) by extensions ['colcon_pkg']
[0.156s] Level 1:colcon.colcon_core.package_identification:_identify(models/Mars_Gale_Crater_Patch_2/materials) by extension 'colcon_pkg'
[0.156s] Level 1:colcon.colcon_core.package_identification:_identify(models/Mars_Gale_Crater_Patch_2/materials) by extensions ['colcon_meta']
[0.156s] Level 1:colcon.colcon_core.package_identification:_identify(models/Mars_Gale_Crater_Patch_2/materials) by extension 'colcon_meta'
[0.156s] Level 1:colcon.colcon_core.package_identification:_identify(models/Mars_Gale_Crater_Patch_2/materials) by extensions ['ros']
[0.156s] Level 1:colcon.colcon_core.package_identification:_identify(models/Mars_Gale_Crater_Patch_2/materials) by extension 'ros'
[0.156s] Level 1:colcon.colcon_core.package_identification:_identify(models/Mars_Gale_Crater_Patch_2/materials) by extensions ['cmake', 'python']
[0.156s] Level 1:colcon.colcon_core.package_identification:_identify(models/Mars_Gale_Crater_Patch_2/materials) by extension 'cmake'
[0.156s] Level 1:colcon.colcon_core.package_identification:_identify(models/Mars_Gale_Crater_Patch_2/materials) by extension 'python'
[0.156s] Level 1:colcon.colcon_core.package_identification:_identify(models/Mars_Gale_Crater_Patch_2/materials) by extensions ['python_setup_py']
[0.156s] Level 1:colcon.colcon_core.package_identification:_identify(models/Mars_Gale_Crater_Patch_2/materials) by extension 'python_setup_py'
[0.156s] Level 1:colcon.colcon_core.package_identification:_identify(models/Mars_Gale_Crater_Patch_2/materials/scripts) by extensions ['ignore', 'ignore_ament_install']
[0.156s] Level 1:colcon.colcon_core.package_identification:_identify(models/Mars_Gale_Crater_Patch_2/materials/scripts) by extension 'ignore'
[0.156s] Level 1:colcon.colcon_core.package_identification:_identify(models/Mars_Gale_Crater_Patch_2/materials/scripts) by extension 'ignore_ament_install'
[0.157s] Level 1:colcon.colcon_core.package_identification:_identify(models/Mars_Gale_Crater_Patch_2/materials/scripts) by extensions ['colcon_pkg']
[0.157s] Level 1:colcon.colcon_core.package_identification:_identify(models/Mars_Gale_Crater_Patch_2/materials/scripts) by extension 'colcon_pkg'
[0.157s] Level 1:colcon.colcon_core.package_identification:_identify(models/Mars_Gale_Crater_Patch_2/materials/scripts) by extensions ['colcon_meta']
[0.157s] Level 1:colcon.colcon_core.package_identification:_identify(models/Mars_Gale_Crater_Patch_2/materials/scripts) by extension 'colcon_meta'
[0.157s] Level 1:colcon.colcon_core.package_identification:_identify(models/Mars_Gale_Crater_Patch_2/materials/scripts) by extensions ['ros']
[0.157s] Level 1:colcon.colcon_core.package_identification:_identify(models/Mars_Gale_Crater_Patch_2/materials/scripts) by extension 'ros'
[0.157s] Level 1:colcon.colcon_core.package_identification:_identify(models/Mars_Gale_Crater_Patch_2/materials/scripts) by extensions ['cmake', 'python']
[0.157s] Level 1:colcon.colcon_core.package_identification:_identify(models/Mars_Gale_Crater_Patch_2/materials/scripts) by extension 'cmake'
[0.157s] Level 1:colcon.colcon_core.package_identification:_identify(models/Mars_Gale_Crater_Patch_2/materials/scripts) by extension 'python'
[0.157s] Level 1:colcon.colcon_core.package_identification:_identify(models/Mars_Gale_Crater_Patch_2/materials/scripts) by extensions ['python_setup_py']
[0.157s] Level 1:colcon.colcon_core.package_identification:_identify(models/Mars_Gale_Crater_Patch_2/materials/scripts) by extension 'python_setup_py'
[0.157s] Level 1:colcon.colcon_core.package_identification:_identify(models/Mars_Gale_Crater_Patch_2/materials/textures) by extensions ['ignore', 'ignore_ament_install']
[0.157s] Level 1:colcon.colcon_core.package_identification:_identify(models/Mars_Gale_Crater_Patch_2/materials/textures) by extension 'ignore'
[0.157s] Level 1:colcon.colcon_core.package_identification:_identify(models/Mars_Gale_Crater_Patch_2/materials/textures) by extension 'ignore_ament_install'
[0.157s] Level 1:colcon.colcon_core.package_identification:_identify(models/Mars_Gale_Crater_Patch_2/materials/textures) by extensions ['colcon_pkg']
[0.157s] Level 1:colcon.colcon_core.package_identification:_identify(models/Mars_Gale_Crater_Patch_2/materials/textures) by extension 'colcon_pkg'
[0.157s] Level 1:colcon.colcon_core.package_identification:_identify(models/Mars_Gale_Crater_Patch_2/materials/textures) by extensions ['colcon_meta']
[0.157s] Level 1:colcon.colcon_core.package_identification:_identify(models/Mars_Gale_Crater_Patch_2/materials/textures) by extension 'colcon_meta'
[0.157s] Level 1:colcon.colcon_core.package_identification:_identify(models/Mars_Gale_Crater_Patch_2/materials/textures) by extensions ['ros']
[0.157s] Level 1:colcon.colcon_core.package_identification:_identify(models/Mars_Gale_Crater_Patch_2/materials/textures) by extension 'ros'
[0.157s] Level 1:colcon.colcon_core.package_identification:_identify(models/Mars_Gale_Crater_Patch_2/materials/textures) by extensions ['cmake', 'python']
[0.157s] Level 1:colcon.colcon_core.package_identification:_identify(models/Mars_Gale_Crater_Patch_2/materials/textures) by extension 'cmake'
[0.157s] Level 1:colcon.colcon_core.package_identification:_identify(models/Mars_Gale_Crater_Patch_2/materials/textures) by extension 'python'
[0.157s] Level 1:colcon.colcon_core.package_identification:_identify(models/Mars_Gale_Crater_Patch_2/materials/textures) by extensions ['python_setup_py']
[0.157s] Level 1:colcon.colcon_core.package_identification:_identify(models/Mars_Gale_Crater_Patch_2/materials/textures) by extension 'python_setup_py'
[0.157s] Level 1:colcon.colcon_core.package_identification:_identify(models/Mars_Gale_Crater_Patch_2/meshes) by extensions ['ignore', 'ignore_ament_install']
[0.157s] Level 1:colcon.colcon_core.package_identification:_identify(models/Mars_Gale_Crater_Patch_2/meshes) by extension 'ignore'
[0.157s] Level 1:colcon.colcon_core.package_identification:_identify(models/Mars_Gale_Crater_Patch_2/meshes) by extension 'ignore_ament_install'
[0.157s] Level 1:colcon.colcon_core.package_identification:_identify(models/Mars_Gale_Crater_Patch_2/meshes) by extensions ['colcon_pkg']
[0.157s] Level 1:colcon.colcon_core.package_identification:_identify(models/Mars_Gale_Crater_Patch_2/meshes) by extension 'colcon_pkg'
[0.157s] Level 1:colcon.colcon_core.package_identification:_identify(models/Mars_Gale_Crater_Patch_2/meshes) by extensions ['colcon_meta']
[0.157s] Level 1:colcon.colcon_core.package_identification:_identify(models/Mars_Gale_Crater_Patch_2/meshes) by extension 'colcon_meta'
[0.157s] Level 1:colcon.colcon_core.package_identification:_identify(models/Mars_Gale_Crater_Patch_2/meshes) by extensions ['ros']
[0.157s] Level 1:colcon.colcon_core.package_identification:_identify(models/Mars_Gale_Crater_Patch_2/meshes) by extension 'ros'
[0.157s] Level 1:colcon.colcon_core.package_identification:_identify(models/Mars_Gale_Crater_Patch_2/meshes) by extensions ['cmake', 'python']
[0.157s] Level 1:colcon.colcon_core.package_identification:_identify(models/Mars_Gale_Crater_Patch_2/meshes) by extension 'cmake'
[0.157s] Level 1:colcon.colcon_core.package_identification:_identify(models/Mars_Gale_Crater_Patch_2/meshes) by extension 'python'
[0.157s] Level 1:colcon.colcon_core.package_identification:_identify(models/Mars_Gale_Crater_Patch_2/meshes) by extensions ['python_setup_py']
[0.157s] Level 1:colcon.colcon_core.package_identification:_identify(models/Mars_Gale_Crater_Patch_2/meshes) by extension 'python_setup_py'
[0.157s] Level 1:colcon.colcon_core.package_identification:_identify(models/Mars_Gale_Crater_Patch_2/thumbnails) by extensions ['ignore', 'ignore_ament_install']
[0.157s] Level 1:colcon.colcon_core.package_identification:_identify(models/Mars_Gale_Crater_Patch_2/thumbnails) by extension 'ignore'
[0.157s] Level 1:colcon.colcon_core.package_identification:_identify(models/Mars_Gale_Crater_Patch_2/thumbnails) by extension 'ignore_ament_install'
[0.157s] Level 1:colcon.colcon_core.package_identification:_identify(models/Mars_Gale_Crater_Patch_2/thumbnails) by extensions ['colcon_pkg']
[0.157s] Level 1:colcon.colcon_core.package_identification:_identify(models/Mars_Gale_Crater_Patch_2/thumbnails) by extension 'colcon_pkg'
[0.157s] Level 1:colcon.colcon_core.package_identification:_identify(models/Mars_Gale_Crater_Patch_2/thumbnails) by extensions ['colcon_meta']
[0.157s] Level 1:colcon.colcon_core.package_identification:_identify(models/Mars_Gale_Crater_Patch_2/thumbnails) by extension 'colcon_meta'
[0.157s] Level 1:colcon.colcon_core.package_identification:_identify(models/Mars_Gale_Crater_Patch_2/thumbnails) by extensions ['ros']
[0.157s] Level 1:colcon.colcon_core.package_identification:_identify(models/Mars_Gale_Crater_Patch_2/thumbnails) by extension 'ros'
[0.157s] Level 1:colcon.colcon_core.package_identification:_identify(models/Mars_Gale_Crater_Patch_2/thumbnails) by extensions ['cmake', 'python']
[0.158s] Level 1:colcon.colcon_core.package_identification:_identify(models/Mars_Gale_Crater_Patch_2/thumbnails) by extension 'cmake'
[0.158s] Level 1:colcon.colcon_core.package_identification:_identify(models/Mars_Gale_Crater_Patch_2/thumbnails) by extension 'python'
[0.158s] Level 1:colcon.colcon_core.package_identification:_identify(models/Mars_Gale_Crater_Patch_2/thumbnails) by extensions ['python_setup_py']
[0.158s] Level 1:colcon.colcon_core.package_identification:_identify(models/Mars_Gale_Crater_Patch_2/thumbnails) by extension 'python_setup_py'
[0.158s] Level 1:colcon.colcon_core.package_identification:_identify(models/Mars_Terrain) by extensions ['ignore', 'ignore_ament_install']
[0.158s] Level 1:colcon.colcon_core.package_identification:_identify(models/Mars_Terrain) by extension 'ignore'
[0.158s] Level 1:colcon.colcon_core.package_identification:_identify(models/Mars_Terrain) by extension 'ignore_ament_install'
[0.158s] Level 1:colcon.colcon_core.package_identification:_identify(models/Mars_Terrain) by extensions ['colcon_pkg']
[0.158s] Level 1:colcon.colcon_core.package_identification:_identify(models/Mars_Terrain) by extension 'colcon_pkg'
[0.158s] Level 1:colcon.colcon_core.package_identification:_identify(models/Mars_Terrain) by extensions ['colcon_meta']
[0.158s] Level 1:colcon.colcon_core.package_identification:_identify(models/Mars_Terrain) by extension 'colcon_meta'
[0.158s] Level 1:colcon.colcon_core.package_identification:_identify(models/Mars_Terrain) by extensions ['ros']
[0.158s] Level 1:colcon.colcon_core.package_identification:_identify(models/Mars_Terrain) by extension 'ros'
[0.158s] Level 1:colcon.colcon_core.package_identification:_identify(models/Mars_Terrain) by extensions ['cmake', 'python']
[0.158s] Level 1:colcon.colcon_core.package_identification:_identify(models/Mars_Terrain) by extension 'cmake'
[0.158s] Level 1:colcon.colcon_core.package_identification:_identify(models/Mars_Terrain) by extension 'python'
[0.158s] Level 1:colcon.colcon_core.package_identification:_identify(models/Mars_Terrain) by extensions ['python_setup_py']
[0.158s] Level 1:colcon.colcon_core.package_identification:_identify(models/Mars_Terrain) by extension 'python_setup_py'
[0.158s] Level 1:colcon.colcon_core.package_identification:_identify(models/Mars_Terrain/meshes) by extensions ['ignore', 'ignore_ament_install']
[0.158s] Level 1:colcon.colcon_core.package_identification:_identify(models/Mars_Terrain/meshes) by extension 'ignore'
[0.158s] Level 1:colcon.colcon_core.package_identification:_identify(models/Mars_Terrain/meshes) by extension 'ignore_ament_install'
[0.158s] Level 1:colcon.colcon_core.package_identification:_identify(models/Mars_Terrain/meshes) by extensions ['colcon_pkg']
[0.158s] Level 1:colcon.colcon_core.package_identification:_identify(models/Mars_Terrain/meshes) by extension 'colcon_pkg'
[0.158s] Level 1:colcon.colcon_core.package_identification:_identify(models/Mars_Terrain/meshes) by extensions ['colcon_meta']
[0.158s] Level 1:colcon.colcon_core.package_identification:_identify(models/Mars_Terrain/meshes) by extension 'colcon_meta'
[0.158s] Level 1:colcon.colcon_core.package_identification:_identify(models/Mars_Terrain/meshes) by extensions ['ros']
[0.158s] Level 1:colcon.colcon_core.package_identification:_identify(models/Mars_Terrain/meshes) by extension 'ros'
[0.158s] Level 1:colcon.colcon_core.package_identification:_identify(models/Mars_Terrain/meshes) by extensions ['cmake', 'python']
[0.158s] Level 1:colcon.colcon_core.package_identification:_identify(models/Mars_Terrain/meshes) by extension 'cmake'
[0.158s] Level 1:colcon.colcon_core.package_identification:_identify(models/Mars_Terrain/meshes) by extension 'python'
[0.158s] Level 1:colcon.colcon_core.package_identification:_identify(models/Mars_Terrain/meshes) by extensions ['python_setup_py']
[0.158s] Level 1:colcon.colcon_core.package_identification:_identify(models/Mars_Terrain/meshes) by extension 'python_setup_py'
[0.158s] Level 1:colcon.colcon_core.package_identification:_identify(models/Rocks) by extensions ['ignore', 'ignore_ament_install']
[0.158s] Level 1:colcon.colcon_core.package_identification:_identify(models/Rocks) by extension 'ignore'
[0.158s] Level 1:colcon.colcon_core.package_identification:_identify(models/Rocks) by extension 'ignore_ament_install'
[0.158s] Level 1:colcon.colcon_core.package_identification:_identify(models/Rocks) by extensions ['colcon_pkg']
[0.158s] Level 1:colcon.colcon_core.package_identification:_identify(models/Rocks) by extension 'colcon_pkg'
[0.158s] Level 1:colcon.colcon_core.package_identification:_identify(models/Rocks) by extensions ['colcon_meta']
[0.158s] Level 1:colcon.colcon_core.package_identification:_identify(models/Rocks) by extension 'colcon_meta'
[0.158s] Level 1:colcon.colcon_core.package_identification:_identify(models/Rocks) by extensions ['ros']
[0.158s] Level 1:colcon.colcon_core.package_identification:_identify(models/Rocks) by extension 'ros'
[0.158s] Level 1:colcon.colcon_core.package_identification:_identify(models/Rocks) by extensions ['cmake', 'python']
[0.158s] Level 1:colcon.colcon_core.package_identification:_identify(models/Rocks) by extension 'cmake'
[0.158s] Level 1:colcon.colcon_core.package_identification:_identify(models/Rocks) by extension 'python'
[0.158s] Level 1:colcon.colcon_core.package_identification:_identify(models/Rocks) by extensions ['python_setup_py']
[0.158s] Level 1:colcon.colcon_core.package_identification:_identify(models/Rocks) by extension 'python_setup_py'
[0.158s] Level 1:colcon.colcon_core.package_identification:_identify(models/Rocks/meshes) by extensions ['ignore', 'ignore_ament_install']
[0.159s] Level 1:colcon.colcon_core.package_identification:_identify(models/Rocks/meshes) by extension 'ignore'
[0.159s] Level 1:colcon.colcon_core.package_identification:_identify(models/Rocks/meshes) by extension 'ignore_ament_install'
[0.159s] Level 1:colcon.colcon_core.package_identification:_identify(models/Rocks/meshes) by extensions ['colcon_pkg']
[0.159s] Level 1:colcon.colcon_core.package_identification:_identify(models/Rocks/meshes) by extension 'colcon_pkg'
[0.159s] Level 1:colcon.colcon_core.package_identification:_identify(models/Rocks/meshes) by extensions ['colcon_meta']
[0.159s] Level 1:colcon.colcon_core.package_identification:_identify(models/Rocks/meshes) by extension 'colcon_meta'
[0.159s] Level 1:colcon.colcon_core.package_identification:_identify(models/Rocks/meshes) by extensions ['ros']
[0.159s] Level 1:colcon.colcon_core.package_identification:_identify(models/Rocks/meshes) by extension 'ros'
[0.159s] Level 1:colcon.colcon_core.package_identification:_identify(models/Rocks/meshes) by extensions ['cmake', 'python']
[0.159s] Level 1:colcon.colcon_core.package_identification:_identify(models/Rocks/meshes) by extension 'cmake'
[0.159s] Level 1:colcon.colcon_core.package_identification:_identify(models/Rocks/meshes) by extension 'python'
[0.159s] Level 1:colcon.colcon_core.package_identification:_identify(models/Rocks/meshes) by extensions ['python_setup_py']
[0.159s] Level 1:colcon.colcon_core.package_identification:_identify(models/Rocks/meshes) by extension 'python_setup_py'
[0.159s] Level 1:colcon.colcon_core.package_discovery:discover_packages(recursive) using defaults
[0.159s] Level 1:colcon.colcon_core.package_discovery:discover_packages(ignore) discover
[0.159s] Level 1:colcon.colcon_core.package_discovery:discover_packages(ignore) using defaults
[0.159s] Level 1:colcon.colcon_core.package_discovery:discover_packages(path) discover
[0.159s] Level 1:colcon.colcon_core.package_discovery:discover_packages(path) using defaults
[0.159s] WARNING:colcon.colcon_core.package_selection:ignoring unknown package 'martian_drone' in --packages-select
[0.170s] Level 1:colcon.colcon_core.package_discovery:discover_packages(prefix_path) check parameters
[0.170s] Level 1:colcon.colcon_core.package_discovery:discover_packages(prefix_path) discover
[0.171s] DEBUG:colcon.colcon_installed_package_information.package_discovery:Found 3 installed packages in /home/ros-gazebo/anav_ws/install
[0.172s] DEBUG:colcon.colcon_installed_package_information.package_discovery:Found 276 installed packages in /opt/ros/humble
[0.179s] Level 1:colcon.colcon_core.package_discovery:discover_packages(prefix_path) using defaults
[0.204s] INFO:colcon.colcon_core.executor:Executing jobs using 'parallel' executor
[0.204s] DEBUG:colcon.colcon_parallel_executor.executor.parallel:run_until_complete
[0.204s] DEBUG:colcon.colcon_parallel_executor.executor.parallel:closing loop
[0.205s] DEBUG:colcon.colcon_parallel_executor.executor.parallel:loop closed
[0.205s] DEBUG:colcon.colcon_parallel_executor.executor.parallel:run_until_complete finished with '0'
[0.205s] DEBUG:colcon.colcon_core.event_reactor:joining thread
[0.208s] INFO:colcon.colcon_core.plugin_system:Skipping extension 'colcon_notification.desktop_notification.terminal_notifier': Not used on non-Darwin systems
[0.208s] INFO:colcon.colcon_core.plugin_system:Skipping extension 'colcon_notification.desktop_notification.win32': Not used on non-Windows systems
[0.208s] INFO:colcon.colcon_notification.desktop_notification:Sending desktop notification using 'notify2'
[0.220s] DEBUG:colcon.colcon_core.event_reactor:joined thread
[0.221s] INFO:colcon.colcon_core.plugin_system:Skipping extension 'colcon_core.shell.bat': Not used on non-Windows systems
[0.221s] INFO:colcon.colcon_core.shell:Creating prefix script '/home/ros-gazebo/anav_ws/src/martian_drone/worlds/install/local_setup.ps1'
[0.222s] INFO:colcon.colcon_core.shell:Creating prefix util module '/home/ros-gazebo/anav_ws/src/martian_drone/worlds/install/_local_setup_util_ps1.py'
[0.223s] INFO:colcon.colcon_core.shell:Creating prefix chain script '/home/ros-gazebo/anav_ws/src/martian_drone/worlds/install/setup.ps1'
[0.223s] INFO:colcon.colcon_core.shell:Creating prefix script '/home/ros-gazebo/anav_ws/src/martian_drone/worlds/install/local_setup.sh'
[0.224s] INFO:colcon.colcon_core.shell:Creating prefix util module '/home/ros-gazebo/anav_ws/src/martian_drone/worlds/install/_local_setup_util_sh.py'
[0.224s] INFO:colcon.colcon_core.shell:Creating prefix chain script '/home/ros-gazebo/anav_ws/src/martian_drone/worlds/install/setup.sh'
[0.225s] INFO:colcon.colcon_core.shell:Creating prefix script '/home/ros-gazebo/anav_ws/src/martian_drone/worlds/install/local_setup.bash'
[0.225s] INFO:colcon.colcon_core.shell:Creating prefix chain script '/home/ros-gazebo/anav_ws/src/martian_drone/worlds/install/setup.bash'
[0.225s] INFO:colcon.colcon_core.shell:Creating prefix script '/home/ros-gazebo/anav_ws/src/martian_drone/worlds/install/local_setup.zsh'
[0.226s] INFO:colcon.colcon_core.shell:Creating prefix chain script '/home/ros-gazebo/anav_ws/src/martian_drone/worlds/install/setup.zsh'
